<?xml version="1.0" encoding="UTF-8"?>
<!-- Generated by org.testng.reporters.JUnitReportReporter -->
<testsuite hostname="LAPTOP-0CIM0MQE" failures="0" tests="1" name="RestAssuredConcepts.Postwithfile" time="3.308" errors="0" timestamp="03 Jul 2020 02:44:18 GMT" skipped="0">
  <testcase classname="RestAssuredConcepts.Postwithfile" name="generateToken" time="3.308"/>
</testsuite> <!-- RestAssuredConcepts.Postwithfile -->
