<?xml version="1.0" encoding="UTF-8"?>
<!-- Generated by org.testng.reporters.JUnitReportReporter -->
<testsuite hostname="LAPTOP-0CIM0MQE" failures="0" tests="1" name="Get_Request" time="2.268" errors="0" timestamp="24 May 2020 19:18:12 GMT" skipped="0">
  <testcase classname="Get_Request" name="userDetails" time="2.268"/>
</testsuite> <!-- Get_Request -->
